#
# There is insufficient memory for the Java Runtime Environment to continue.
# Native memory allocation (malloc) failed to allocate 1048576 bytes for AllocateHeap
# Possible reasons:
#   The system is out of physical RAM or swap space
#   In 32 bit mode, the process size limit was hit
# Possible solutions:
#   Reduce memory load on the system
#   Increase physical memory or swap space
#   Check if swap backing store is full
#   Use 64 bit Java on a 64 bit OS
#   Decrease Java heap size (-Xmx/-Xms)
#   Decrease number of Java threads
#   Decrease Java thread stack sizes (-Xss)
#   Set larger code cache with -XX:ReservedCodeCacheSize=
# This output file may be truncated or incomplete.
#
#  Out of Memory Error (memory/allocation.inline.hpp:62), pid=21384, tid=21216
#
# JRE version:  (8.0_31-b13) (build )
# Java VM: Java HotSpot(TM) 64-Bit Server VM (25.31-b07 mixed mode windows-amd64 compressed oops)
# Failed to write core dump. Minidumps are not enabled by default on client versions of Windows
#

---------------  T H R E A D  ---------------

Current thread (0x0000000002bf0800):  JavaThread "Unknown thread" [_thread_in_vm, id=21216, stack(0x0000000002af0000,0x0000000002bf0000)]

Stack: [0x0000000002af0000,0x0000000002bf0000]
Native frames: (J=compiled Java code, j=interpreted, Vv=VM code, C=native code)
V  [jvm.dll+0x3169ba]
V  [jvm.dll+0x2674c3]
V  [jvm.dll+0x268103]
V  [jvm.dll+0x25f8f5]
V  [jvm.dll+0x25e94f]
V  [jvm.dll+0x3d6aac]
V  [jvm.dll+0x3d2017]
V  [jvm.dll+0xe54d2]
V  [jvm.dll+0x1fa089]
V  [jvm.dll+0x22b694]
V  [jvm.dll+0x14d8c1]
C  [javaw.exe+0x20c6]
C  [javaw.exe+0xc9eb]
C  [javaw.exe+0xca7f]
C  [KERNEL32.DLL+0x16ad]
C  [ntdll.dll+0x6eb64]


---------------  P R O C E S S  ---------------

Java Threads: ( => current thread )

Other Threads:

=>0x0000000002bf0800 (exited) JavaThread "Unknown thread" [_thread_in_vm, id=21216, stack(0x0000000002af0000,0x0000000002bf0000)]

VM state:not at safepoint (normal execution)

VM Mutex/Monitor currently owned by a thread: None

Heap:
 PSYoungGen      total 38400K, used 665K [0x00000000d5980000, 0x00000000d8400000, 0x0000000100000000)
  eden space 33280K, 2% used [0x00000000d5980000,0x00000000d5a26670,0x00000000d7a00000)
  from space 5120K, 0% used [0x00000000d7f00000,0x00000000d7f00000,0x00000000d8400000)
  to   space 5120K, 0% used [0x00000000d7a00000,0x00000000d7a00000,0x00000000d7f00000)
 ParOldGen       total 87552K, used 0K [0x0000000080c00000, 0x0000000086180000, 0x00000000d5980000)
  object space 87552K, 0% used [0x0000000080c00000,0x0000000080c00000,0x0000000086180000)
 Metaspace       used 657K, capacity 4480K, committed 4480K, reserved 1056768K
  class space    used 67K, capacity 384K, committed 384K, reserved 1048576K

Card table byte_map: [0x00000000120b0000,0x00000000124b0000] byte_map_base: 0x0000000011caa000

Marking Bits: (ParMarkBitMap*) 0x0000000051ccd4f0
 Begin Bits: [0x0000000012f60000, 0x0000000014f30000)
 End Bits:   [0x0000000014f30000, 0x0000000016f00000)

Polling page: 0x0000000002a40000

CodeCache: size=245760Kb used=327Kb max_used=327Kb free=245432Kb
 bounds [0x0000000002cf0000, 0x0000000002f60000, 0x0000000011cf0000]
 total_blobs=56 nmethods=0 adapters=37
 compilation: enabled

Compilation events (0 events):
No events

GC Heap History (0 events):
No events

Deoptimization events (0 events):
No events

Internal exceptions (0 events):
No events

Events (10 events):
Event: 0.135 loading class java/lang/Short
Event: 0.135 loading class java/lang/Short done
Event: 0.135 loading class java/lang/Integer
Event: 0.136 loading class java/lang/Integer done
Event: 0.136 loading class java/lang/Long
Event: 0.136 loading class java/lang/Long done
Event: 0.137 loading class java/lang/NullPointerException
Event: 0.137 loading class java/lang/NullPointerException done
Event: 0.138 loading class java/lang/ArithmeticException
Event: 0.138 loading class java/lang/ArithmeticException done


Dynamic libraries:
0x00007ff739250000 - 0x00007ff739284000 	C:\Program Files\Java\jre1.8.0_31\bin\javaw.exe
0x00007ffb28cb0000 - 0x00007ffb28e5c000 	C:\WINDOWS\SYSTEM32\ntdll.dll
0x00007ffb27ee0000 - 0x00007ffb2801a000 	C:\WINDOWS\system32\KERNEL32.DLL
0x00007ffb26320000 - 0x00007ffb2642f000 	C:\WINDOWS\system32\KERNELBASE.dll
0x00007ffb24c30000 - 0x00007ffb24cb8000 	C:\WINDOWS\system32\apphelp.dll
0x00007ffb17680000 - 0x00007ffb176cf000 	C:\WINDOWS\AppPatch\AppPatch64\AcGenral.DLL
0x00007ffb28860000 - 0x00007ffb28907000 	C:\WINDOWS\system32\msvcrt.dll
0x00007ffb25fd0000 - 0x00007ffb25ffb000 	C:\WINDOWS\SYSTEM32\SspiCli.dll
0x00007ffb27d50000 - 0x00007ffb27da1000 	C:\WINDOWS\system32\SHLWAPI.dll
0x00007ffb28080000 - 0x00007ffb281f1000 	C:\WINDOWS\system32\USER32.dll
0x00007ffb28920000 - 0x00007ffb28a98000 	C:\WINDOWS\system32\ole32.dll
0x00007ffb266b0000 - 0x00007ffb27abf000 	C:\WINDOWS\system32\SHELL32.dll
0x00007ffb25690000 - 0x00007ffb256ae000 	C:\WINDOWS\SYSTEM32\USERENV.dll
0x00007ffb283a0000 - 0x00007ffb28445000 	C:\WINDOWS\system32\ADVAPI32.dll
0x00007ffb1b2c0000 - 0x00007ffb1b2db000 	C:\WINDOWS\SYSTEM32\MPR.dll
0x00007ffb26570000 - 0x00007ffb266a7000 	C:\WINDOWS\system32\RPCRT4.dll
0x00007ffb28460000 - 0x00007ffb284b7000 	C:\WINDOWS\SYSTEM32\sechost.dll
0x00007ffb28620000 - 0x00007ffb287f6000 	C:\WINDOWS\SYSTEM32\combase.dll
0x00007ffb284d0000 - 0x00007ffb28614000 	C:\WINDOWS\system32\GDI32.dll
0x00007ffb26020000 - 0x00007ffb26034000 	C:\WINDOWS\SYSTEM32\profapi.dll
0x00007ffb24680000 - 0x00007ffb2471f000 	C:\WINDOWS\SYSTEM32\SHCORE.dll
0x00007ffb26530000 - 0x00007ffb26564000 	C:\WINDOWS\system32\IMM32.DLL
0x00007ffb28b70000 - 0x00007ffb28ca9000 	C:\WINDOWS\system32\MSCTF.dll
0x00007ffb23df0000 - 0x00007ffb2404a000 	C:\WINDOWS\WinSxS\amd64_microsoft.windows.common-controls_6595b64144ccf1df_6.0.9600.17031_none_6242a4b3ecbb55a1\COMCTL32.dll
0x0000000052490000 - 0x0000000052562000 	C:\Program Files\Java\jre1.8.0_31\bin\msvcr100.dll
0x00000000514f0000 - 0x0000000051d4a000 	C:\Program Files\Java\jre1.8.0_31\bin\server\jvm.dll
0x00007ffb1ab10000 - 0x00007ffb1ab19000 	C:\WINDOWS\SYSTEM32\WSOCK32.dll
0x00007ffb22370000 - 0x00007ffb2238f000 	C:\WINDOWS\SYSTEM32\WINMM.dll
0x00007ffb27e70000 - 0x00007ffb27e77000 	C:\WINDOWS\system32\PSAPI.DLL
0x00007ffb27e80000 - 0x00007ffb27ed8000 	C:\WINDOWS\system32\WS2_32.dll
0x00007ffb22330000 - 0x00007ffb2235a000 	C:\WINDOWS\SYSTEM32\WINMMBASE.dll
0x00007ffb28450000 - 0x00007ffb28459000 	C:\WINDOWS\system32\NSI.dll
0x00007ffb262d0000 - 0x00007ffb2631a000 	C:\WINDOWS\SYSTEM32\cfgmgr32.dll
0x00007ffb24d60000 - 0x00007ffb24d86000 	C:\WINDOWS\SYSTEM32\DEVOBJ.dll
0x00000000531b0000 - 0x00000000531bf000 	C:\Program Files\Java\jre1.8.0_31\bin\verify.dll
0x0000000053180000 - 0x00000000531a8000 	C:\Program Files\Java\jre1.8.0_31\bin\java.dll
0x0000000053160000 - 0x0000000053176000 	C:\Program Files\Java\jre1.8.0_31\bin\zip.dll
0x00007ffb186b0000 - 0x00007ffb18838000 	C:\WINDOWS\SYSTEM32\dbghelp.dll

VM Arguments:
jvm_args: -Dfile.encoding=Cp1252 
java_command: es.jmp.black.jack.BlackJack
java_class_path (initial): C:\Users\Jmp085\workspace\BJ\bin
Launcher Type: SUN_STANDARD

Environment Variables:
PATH=C:/Program Files/Java/jre1.8.0_31/bin/server;C:/Program Files/Java/jre1.8.0_31/bin;C:/Program Files/Java/jre1.8.0_31/lib/amd64;C:\ProgramData\Oracle\Java\javapath;C:\Program Files (x86)\NVIDIA Corporation\PhysX\Common;C:\Program Files (x86)\Intel\iCLS Client\;C:\Program Files\Intel\iCLS Client\;C:\WINDOWS\system32;C:\WINDOWS;C:\WINDOWS\System32\Wbem;C:\WINDOWS\System32\WindowsPowerShell\v1.0\;C:\Program Files\Intel\Intel(R) Management Engine Components\DAL;C:\Program Files\Intel\Intel(R) Management Engine Components\IPT;C:\Program Files (x86)\Intel\Intel(R) Management Engine Components\DAL;C:\Program Files (x86)\Intel\Intel(R) Management Engine Components\IPT;C:\Program Files\Common Files\Autodesk Shared\;C:\Program Files (x86)\Autodesk\Backburner\;C:\Users\Jmp085\Documents\eclipse-java-luna-SR1a-win32-x86_64\eclipse;
USERNAME=Jmp085
OS=Windows_NT
PROCESSOR_IDENTIFIER=Intel64 Family 6 Model 60 Stepping 3, GenuineIntel



---------------  S Y S T E M  ---------------

OS: Windows 8.1 , 64 bit Build 9600 

CPU:total 8 (4 cores per cpu, 2 threads per core) family 6 model 60 stepping 3, cmov, cx8, fxsr, mmx, sse, sse2, sse3, ssse3, sse4.1, sse4.2, popcnt, avx, avx2, aes, clmul, erms, lzcnt, ht, tsc, tscinvbit, bmi1, bmi2

Memory: 4k page, physical 8333592k(2716796k free), swap 33499416k(3940k free)

vm_info: Java HotSpot(TM) 64-Bit Server VM (25.31-b07) for windows-amd64 JRE (1.8.0_31-b13), built on Dec 17 2014 21:00:28 by "java_re" with MS VC++ 10.0 (VS2010)

time: Sun Feb 22 01:50:43 2015
elapsed time: 0 seconds (0d 0h 0m 0s)

